$ /Users/huwei/Documents/xbot/.venv_smoke/bin/python -m xbot.main run-task --mode computer --dry-run --task web smoke test
{
  "ok": true,
  "done": true,
  "reason": "dry_run_stub",
  "steps": [
    {
      "step": 1,
      "ok": true,
      "done": true,
      "reason": "dry_run_stub",
      "action": {
        "repeat": 1,
        "action_ttl_ms": 0,
        "continue_until": null,
        "type": "WAIT",
        "duration_ms": 500
      },
      "verify": {
        "ok": true,
        "method": "NONE",
        "details": {
          "dry_run": true
        }
      },
      "planner": {
        "task": "web smoke test",
        "provider": "dummy_planner",
        "model": "dummy",
        "capabilities": {
          "supports_strict_json": true,
          "supports_image": false,
          "max_context_tokens": 2048,
          "cost_tier": "cheap"
        },
        "repair_used": false,
        "obs_mode": "full",
        "prompt_chars": 377,
        "packed_elements": 0,
        "usage": {
          "input_tokens": null,
          "output_tokens": null,
          "total_tokens": null
        },
        "finish_reason": "stop",
        "error": null,
        "output": {
          "action": {
            "repeat": 1,
            "action_ttl_ms": 0,
            "continue_until": null,
            "type": "WAIT",
            "duration_ms": 500
          },
          "verify": {
            "type": "NONE",
            "text": null,
            "roi": null,
            "min_match_ratio": 0.8,
            "min_delta": 6,
            "target": null,
            "target_ref": null,
            "rules": [],
            "timeout_ms": 1500,
            "allow_vlm": false
          },
          "repeat": null,
          "continue_until": null,
          "action_ttl_ms": null,
          "obs_mode": "delta",
          "reasoning_hint": null
        }
      }
    }
  ],
  "max_steps": 30
}
